<?xml version="1.0" encoding="UTF-8"?>
<!-- Generated by org.testng.reporters.JUnitXMLReporter -->
<testsuite ignored="0" hostname="DESKTOP-G9JI0S1" failures="0" tests="4" name="Test" time="0.093" errors="0" timestamp="2025-02-04T11:45:37 IST">
  <testcase classname="testCases.Login" name="loginOne" time="0.011"/>
  <testcase classname="testCases.ShoppingCart" name="addToCart" time="0.004"/>
  <testcase classname="testCases.ShoppingCart" name="clickSubmit" time="0.005"/>
  <testcase classname="testCases.ShoppingCart" name="searchForProducts" time="0.003"/>
</testsuite> <!-- Test -->
