<?xml version="1.0" encoding="UTF-8"?>
<testng-results ignored="0" total="4" passed="4" failed="0" skipped="0">
  <reporter-output>
  </reporter-output>
  <suite started-at="2025-02-04T11:45:37 IST" name="Suite" finished-at="2025-02-04T11:45:37 IST" duration-ms="93">
    <groups>
    </groups>
    <test started-at="2025-02-04T11:45:37 IST" name="Test" finished-at="2025-02-04T11:45:37 IST" duration-ms="93">
      <class name="testCases.ShoppingCart">
        <test-method signature="addToCart()[pri:0, instance:testCases.ShoppingCart@46fa7c39]" started-at="2025-02-04T11:45:37 IST" name="addToCart" finished-at="2025-02-04T11:45:37 IST" duration-ms="4" status="PASS">
          <reporter-output>
          </reporter-output>
        </test-method> <!-- addToCart -->
        <test-method signature="clickSubmit()[pri:0, instance:testCases.ShoppingCart@46fa7c39]" started-at="2025-02-04T11:45:37 IST" name="clickSubmit" finished-at="2025-02-04T11:45:37 IST" duration-ms="5" status="PASS">
          <reporter-output>
          </reporter-output>
        </test-method> <!-- clickSubmit -->
        <test-method signature="searchForProducts()[pri:0, instance:testCases.ShoppingCart@46fa7c39]" started-at="2025-02-04T11:45:37 IST" name="searchForProducts" finished-at="2025-02-04T11:45:37 IST" duration-ms="3" status="PASS">
          <reporter-output>
          </reporter-output>
        </test-method> <!-- searchForProducts -->
      </class> <!-- testCases.ShoppingCart -->
      <class name="testCases.Login">
        <test-method signature="loginOne()[pri:0, instance:testCases.Login@55f616cf]" started-at="2025-02-04T11:45:37 IST" name="loginOne" finished-at="2025-02-04T11:45:37 IST" duration-ms="11" status="PASS">
          <reporter-output>
          </reporter-output>
        </test-method> <!-- loginOne -->
      </class> <!-- testCases.Login -->
    </test> <!-- Test -->
  </suite> <!-- Suite -->
</testng-results>
