<?xml version="1.0" encoding="UTF-8"?>
<!-- Generated by org.testng.reporters.JUnitReportReporter -->
<testsuite hostname="DESKTOP-G9JI0S1" failures="0" tests="3" name="testCases.ShoppingCart" time="0.012" errors="0" timestamp="2025-02-04T11:45:38 IST" skipped="0">
  <testcase classname="testCases.ShoppingCart" name="searchForProducts" time="0.003"/>
  <testcase classname="testCases.ShoppingCart" name="clickSubmit" time="0.005"/>
  <testcase classname="testCases.ShoppingCart" name="addToCart" time="0.004"/>
</testsuite> <!-- testCases.ShoppingCart -->
